{
  "stats": {
    "suites": 1,
    "tests": 1,
    "passes": 1,
    "pending": 0,
    "failures": 0,
    "start": "2019-10-14T04:21:57.219Z",
    "end": "2019-10-14T04:22:12.125Z",
    "duration": 14906,
    "testsRegistered": 1,
    "passPercent": 100,
    "pendingPercent": 0,
    "other": 0,
    "hasOther": false,
    "skipped": 0,
    "hasSkipped": false
  },
  "results": [
    {
      "uuid": "382b8e89-c71c-4c4b-847c-c40bb666982d",
      "title": "",
      "fullFile": "",
      "file": "",
      "beforeHooks": [],
      "afterHooks": [],
      "tests": [],
      "suites": [
        {
          "uuid": "928d7d45-cb07-4809-bad0-423f714123d6",
          "title": "automating tables in a webpage",
          "fullFile": "",
          "file": "",
          "beforeHooks": [],
          "afterHooks": [],
          "tests": [
            {
              "title": "webpages have table to be automated",
              "fullTitle": "automating tables in a webpage webpages have table to be automated",
              "timedOut": null,
              "duration": 10258,
              "state": "passed",
              "speed": "slow",
              "pass": true,
              "fail": false,
              "pending": false,
              "context": null,
              "code": "cy.visit(\"https://rahulshettyacademy.com/AutomationPractice/\");\ncy.get(\"tr:nth-child(4) td\").each(function ($e1, index, $list) {\n  var text = $e1.text();\n  if (text.includes(\"Appium\")) {\n    cy.log($e1.text());\n    cy.get(\"tr:nth-child(4) td\").eq(index).next().then(function (price) {\n      var pricetext = price.text();\n      expect(pricetext).to.equal('30');\n    });\n  }\n}); //mousehover\ncy.get('#mousehover').trigger('mouseover');\ncy.contains('Top').click({\n  force: true\n});\ncy.url().should('include', 'top');\ncy.get('.mouse-hover-content a').each(function ($ele, ind, list) {\n  var element1 = $ele.text();\n  if (element1.includes('Reload')) {\n    cy.get('.mouse-hover-content a').eq(ind).click({\n      force: true\n    });\n  }\n}); //Another way of handling mousehover using show method in jquery\ncy.get('div.mouse-hover-content').invoke('show');\ncy.contains('Top').click({\n  force: true\n});\ncy.url().should('include', 'shetty');\ncy.get('.gf-li').should('have.length', 20);",
              "err": {},
              "uuid": "a062ed78-6c5d-4baa-ac4b-a0e9d8521d65",
              "parentUUID": "928d7d45-cb07-4809-bad0-423f714123d6",
              "isHook": false,
              "skipped": false
            }
          ],
          "suites": [],
          "passes": [
            "a062ed78-6c5d-4baa-ac4b-a0e9d8521d65"
          ],
          "failures": [],
          "pending": [],
          "skipped": [],
          "duration": 10258,
          "root": false,
          "rootEmpty": false,
          "_timeout": 2000
        }
      ],
      "passes": [],
      "failures": [],
      "pending": [],
      "skipped": [],
      "duration": 0,
      "root": true,
      "rootEmpty": true,
      "_timeout": 2000
    }
  ],
  "meta": {
    "mocha": {
      "version": "5.2.0"
    },
    "mochawesome": {
      "options": {
        "quiet": false,
        "reportFilename": "mochawesome",
        "saveHtml": true,
        "saveJson": true,
        "consoleReporter": "spec",
        "useInlineDiffs": false
      },
      "version": "4.1.0"
    },
    "marge": {
      "options": {},
      "version": "4.0.1"
    }
  }
}